DEBUG - Running BeforeDefinition: ErrorHandler.beandef
DEBUG - Loading beans.xml
DEBUG - Running BeforeDefinition: SignalHandler.beandef
DEBUG - Running BeforeDefinition: Timezone.beandef
DEBUG - Running BeforeDefinition: ShutdownHandler.beandef
DEBUG - Running BeforeDefinition: myBeanName.beandef
DEBUG - Running BeforeDefinition: ErrorHandler.beandef
DEBUG - Loading beans.xml
DEBUG - Running BeforeDefinition: SignalHandler.beandef
DEBUG - Running BeforeDefinition: Timezone.beandef
DEBUG - Running BeforeDefinition: ShutdownHandler.beandef
DEBUG - Running BeforeDefinition: myBeanName.beandef
DEBUG - Found myBeanName in beans.xml
DEBUG - Running BeforeDefinition: ErrorHandler.beandef
DEBUG - Loading beans.xml
DEBUG - Running BeforeDefinition: SignalHandler.beandef
DEBUG - Running BeforeDefinition: Timezone.beandef
DEBUG - Running BeforeDefinition: ShutdownHandler.beandef
DEBUG - Running BeforeDefinition: myBeanName.beandef
DEBUG - Found myBeanName in beans.xml
DEBUG - Running AfterDefinition: myBeanName.beandef
DEBUG - New: myBeanName.beandef
DEBUG - New: myBeanName.bean
DEBUG - Running BeforeDefinition: ErrorHandler.beandef
DEBUG - Loading beans.xml
DEBUG - Running BeforeDefinition: SignalHandler.beandef
DEBUG - Running BeforeDefinition: Timezone.beandef
DEBUG - Running BeforeDefinition: ShutdownHandler.beandef
DEBUG - Running BeforeDefinition: myBeanName.beandef
DEBUG - Found myBeanName in beans.xml
DEBUG - Running AfterDefinition: myBeanName.beandef
DEBUG - New: myBeanName.beandef
DEBUG - New: myBeanName.bean
